<?xml version="1.0" encoding="UTF-8"?>
<testsuite name="com.mlt.reactive.AsyncApiIntegrationTest" tests="1" skipped="0" failures="0" errors="0" timestamp="2020-12-19T16:42:51" hostname="mikedeMacBook-Pro.local" time="3.316">
  <properties/>
  <testcase name="async" classname="com.mlt.reactive.AsyncApiIntegrationTest" time="3.316"/>
  <system-out><![CDATA[done
]]></system-out>
  <system-err><![CDATA[]]></system-err>
</testsuite>
